Using pre-set license
Built from '2020.3/staging' branch; Version is '2020.3.11f1 (99c7afb366b3) revision 10078127'; Using compiler version '192528614'; Build Type 'Release'
OS: 'Windows 10 Pro; OS build 19042.1052; Version 2009; 64bit' Language: 'en' Physical Memory: 32692 MB
BatchMode: 1, IsHumanControllingUs: 0, StartBugReporterOnCrash: 0, Is64bit: 1, IsPro: 0

 COMMAND LINE ARGUMENTS:
C:\Program Files\Unity\Hub\Editor\2020.3.11f1\Editor\Unity.exe
-adb2
-batchMode
-noUpm
-name
AssetImportWorker0
-projectPath
C:/Users/ryant/unity/2048-AI
-logFile
Logs/AssetImportWorker0.log
-srvPort
52632
Successfully changed project path to: C:/Users/ryant/unity/2048-AI
C:/Users/ryant/unity/2048-AI
Using Asset Import Pipeline V2.
Refreshing native plugins compatible for Editor in 24.59 ms, found 2 plugins.
Preloading 0 native plugins for Editor in 0.00 ms.
Initialize engine version: 2020.3.11f1 (99c7afb366b3)
[Subsystems] Discovering subsystems at path C:/Program Files/Unity/Hub/Editor/2020.3.11f1/Editor/Data/Resources/UnitySubsystems
[Subsystems] Discovering subsystems at path C:/Users/ryant/unity/2048-AI/Assets
GfxDevice: creating device client; threaded=0
Direct3D:
    Version:  Direct3D 11.0 [level 11.1]
    Renderer: NVIDIA GeForce GTX 1080 Ti (ID=0x1b06)
    Vendor:   
    VRAM:     11127 MB
    Driver:   27.21.14.5671
Initialize mono
Mono path[0] = 'C:/Program Files/Unity/Hub/Editor/2020.3.11f1/Editor/Data/Managed'
Mono path[1] = 'C:/Program Files/Unity/Hub/Editor/2020.3.11f1/Editor/Data/MonoBleedingEdge/lib/mono/unityjit'
Mono config path = 'C:/Program Files/Unity/Hub/Editor/2020.3.11f1/Editor/Data/MonoBleedingEdge/etc'
Using monoOptions --debugger-agent=transport=dt_socket,embedding=1,server=y,suspend=n,address=127.0.0.1:56752
Begin MonoManager ReloadAssembly
Registering precompiled unity dll's ...
Register platform support module: C:/Program Files/Unity/Hub/Editor/2020.3.11f1/Editor/Data/PlaybackEngines/WindowsStandaloneSupport/UnityEditor.WindowsStandalone.Extensions.dll
Registered in 0.001906 seconds.
Native extension for WindowsStandalone target not found
Refreshing native plugins compatible for Editor in 23.46 ms, found 2 plugins.
Preloading 0 native plugins for Editor in 0.00 ms.
Mono: successfully reloaded assembly
- Completed reload, in  1.097 seconds
Platform modules already initialized, skipping
Registering precompiled user dll's ...
Registered in 0.003745 seconds.
Begin MonoManager ReloadAssembly
Native extension for WindowsStandalone target not found
Refreshing native plugins compatible for Editor in 0.27 ms, found 2 plugins.
Preloading 0 native plugins for Editor in 0.00 ms.
Mono: successfully reloaded assembly
- Completed reload, in  1.008 seconds
Platform modules already initialized, skipping
========================================================================
Worker process is ready to serve import requests
Launched and connected shader compiler UnityShaderCompiler.exe after 0.04 seconds
Refreshing native plugins compatible for Editor in 0.27 ms, found 2 plugins.
Preloading 0 native plugins for Editor in 0.00 ms.
Unloading 1389 Unused Serialized files (Serialized files now loaded: 0)
System memory in use before: 64.7 MB.
System memory in use after: 64.8 MB.

Unloading 18 unused Assets to reduce memory usage. Loaded Objects now: 1823.
Total: 1.906000 ms (FindLiveObjects: 0.134900 ms CreateObjectMapping: 0.040700 ms MarkObjects: 1.669300 ms  DeleteObjects: 0.060000 ms)

========================================================================
Received Import Request.
  path: Assets/Scenes/S1.unity
  artifactKey: Guid(96cde3525a228a74a8b69d278b31f13a) Importer(815301076,1909f56bfc062723c751e8b465ee728b)
Start importing Assets/Scenes/S1.unity using Guid(96cde3525a228a74a8b69d278b31f13a) Importer(815301076,1909f56bfc062723c751e8b465ee728b)  -> (artifact id: 'e6ce8a194b7c249e633e73363df98fe1') in 0.019302 seconds
  Import took 0.021341 seconds .

========================================================================
Received Import Request.
  Time since last request: 0.000209 seconds.
  path: Assets/Scenes
  artifactKey: Guid(68563e2ae1ffeda4c9338ef160115e20) Importer(815301076,1909f56bfc062723c751e8b465ee728b)
Start importing Assets/Scenes using Guid(68563e2ae1ffeda4c9338ef160115e20) Importer(815301076,1909f56bfc062723c751e8b465ee728b)  -> (artifact id: 'f38475a6e0317d8dbc54b5d9f27bad97') in 0.018017 seconds
  Import took 0.019775 seconds .

========================================================================
Received Import Request.
  Time since last request: 0.479435 seconds.
  path: Assets/Scenes/S1.unity
  artifactKey: Guid(96cde3525a228a74a8b69d278b31f13a) Importer(815301076,1909f56bfc062723c751e8b465ee728b)
Start importing Assets/Scenes/S1.unity using Guid(96cde3525a228a74a8b69d278b31f13a) Importer(815301076,1909f56bfc062723c751e8b465ee728b)  -> (artifact id: 'e6ce8a194b7c249e633e73363df98fe1') in 0.002307 seconds
  Import took 0.004438 seconds .

========================================================================
Received Prepare
Registering precompiled user dll's ...
Registered in 0.003697 seconds.
Begin MonoManager ReloadAssembly
Native extension for WindowsStandalone target not found
Refreshing native plugins compatible for Editor in 0.44 ms, found 2 plugins.
Preloading 0 native plugins for Editor in 0.00 ms.
Mono: successfully reloaded assembly
- Completed reload, in  0.888 seconds
Platform modules already initialized, skipping
Refreshing native plugins compatible for Editor in 0.28 ms, found 2 plugins.
Preloading 0 native plugins for Editor in 0.00 ms.
Unloading 1383 Unused Serialized files (Serialized files now loaded: 0)
System memory in use before: 64.4 MB.
System memory in use after: 64.5 MB.

Unloading 13 unused Assets to reduce memory usage. Loaded Objects now: 1826.
Total: 1.612900 ms (FindLiveObjects: 0.149300 ms CreateObjectMapping: 0.044100 ms MarkObjects: 1.398300 ms  DeleteObjects: 0.020000 ms)

========================================================================
Received Prepare
Registering precompiled user dll's ...
Registered in 0.005337 seconds.
Begin MonoManager ReloadAssembly
Native extension for WindowsStandalone target not found
Refreshing native plugins compatible for Editor in 0.26 ms, found 2 plugins.
Preloading 0 native plugins for Editor in 0.00 ms.
Mono: successfully reloaded assembly
- Completed reload, in  0.928 seconds
Platform modules already initialized, skipping
Refreshing native plugins compatible for Editor in 0.26 ms, found 2 plugins.
Preloading 0 native plugins for Editor in 0.00 ms.
Unloading 1383 Unused Serialized files (Serialized files now loaded: 0)
System memory in use before: 64.5 MB.
System memory in use after: 64.6 MB.

Unloading 13 unused Assets to reduce memory usage. Loaded Objects now: 1829.
Total: 2.001700 ms (FindLiveObjects: 0.211200 ms CreateObjectMapping: 0.065900 ms MarkObjects: 1.706400 ms  DeleteObjects: 0.016800 ms)

========================================================================
Received Prepare
Registering precompiled user dll's ...
Registered in 0.003967 seconds.
Begin MonoManager ReloadAssembly
Native extension for WindowsStandalone target not found
Refreshing native plugins compatible for Editor in 0.27 ms, found 2 plugins.
Preloading 0 native plugins for Editor in 0.00 ms.
Mono: successfully reloaded assembly
- Completed reload, in  0.888 seconds
Platform modules already initialized, skipping
Refreshing native plugins compatible for Editor in 0.26 ms, found 2 plugins.
Preloading 0 native plugins for Editor in 0.00 ms.
Unloading 1383 Unused Serialized files (Serialized files now loaded: 0)
System memory in use before: 64.5 MB.
System memory in use after: 64.6 MB.

Unloading 13 unused Assets to reduce memory usage. Loaded Objects now: 1832.
Total: 1.954800 ms (FindLiveObjects: 0.190100 ms CreateObjectMapping: 0.054400 ms MarkObjects: 1.687200 ms  DeleteObjects: 0.021600 ms)

========================================================================
Received Prepare
Registering precompiled user dll's ...
Registered in 0.004377 seconds.
Begin MonoManager ReloadAssembly
Native extension for WindowsStandalone target not found
Refreshing native plugins compatible for Editor in 0.28 ms, found 2 plugins.
Preloading 0 native plugins for Editor in 0.00 ms.
Mono: successfully reloaded assembly
- Completed reload, in  0.896 seconds
Platform modules already initialized, skipping
Refreshing native plugins compatible for Editor in 0.52 ms, found 2 plugins.
Preloading 0 native plugins for Editor in 0.00 ms.
Unloading 1383 Unused Serialized files (Serialized files now loaded: 0)
System memory in use before: 64.5 MB.
System memory in use after: 64.6 MB.

Unloading 13 unused Assets to reduce memory usage. Loaded Objects now: 1835.
Total: 1.597000 ms (FindLiveObjects: 0.153500 ms CreateObjectMapping: 0.043700 ms MarkObjects: 1.378800 ms  DeleteObjects: 0.019800 ms)

========================================================================
Received Prepare
Registering precompiled user dll's ...
Registered in 0.003798 seconds.
Begin MonoManager ReloadAssembly
Native extension for WindowsStandalone target not found
Refreshing native plugins compatible for Editor in 0.26 ms, found 2 plugins.
Preloading 0 native plugins for Editor in 0.00 ms.
Mono: successfully reloaded assembly
- Completed reload, in  0.879 seconds
Platform modules already initialized, skipping
Refreshing native plugins compatible for Editor in 0.28 ms, found 2 plugins.
Preloading 0 native plugins for Editor in 0.00 ms.
Unloading 1383 Unused Serialized files (Serialized files now loaded: 0)
System memory in use before: 64.5 MB.
System memory in use after: 64.6 MB.

Unloading 13 unused Assets to reduce memory usage. Loaded Objects now: 1838.
Total: 1.800000 ms (FindLiveObjects: 0.141900 ms CreateObjectMapping: 0.040000 ms MarkObjects: 1.601000 ms  DeleteObjects: 0.016200 ms)

========================================================================
Received Prepare
Registering precompiled user dll's ...
Registered in 0.004439 seconds.
Begin MonoManager ReloadAssembly
Native extension for WindowsStandalone target not found
Refreshing native plugins compatible for Editor in 0.28 ms, found 2 plugins.
Preloading 0 native plugins for Editor in 0.00 ms.
Mono: successfully reloaded assembly
- Completed reload, in  0.861 seconds
Platform modules already initialized, skipping
Refreshing native plugins compatible for Editor in 0.25 ms, found 2 plugins.
Preloading 0 native plugins for Editor in 0.00 ms.
Unloading 1383 Unused Serialized files (Serialized files now loaded: 0)
System memory in use before: 64.5 MB.
System memory in use after: 64.6 MB.

Unloading 13 unused Assets to reduce memory usage. Loaded Objects now: 1841.
Total: 1.655600 ms (FindLiveObjects: 0.156100 ms CreateObjectMapping: 0.045800 ms MarkObjects: 1.437700 ms  DeleteObjects: 0.015100 ms)

========================================================================
Received Import Request.
  Time since last request: 536.728054 seconds.
  path: Assets/Resources
  artifactKey: Guid(df9eac3d058fcfc4aaa2263fc2f65b6e) Importer(815301076,1909f56bfc062723c751e8b465ee728b)
Start importing Assets/Resources using Guid(df9eac3d058fcfc4aaa2263fc2f65b6e) Importer(815301076,1909f56bfc062723c751e8b465ee728b)  -> (artifact id: 'bc6ad58d06eea472e6a776d3d104a212') in 0.009593 seconds
  Import took 0.012002 seconds .

========================================================================
Received Import Request.
  Time since last request: 0.001715 seconds.
  path: Assets/Resources
  artifactKey: Guid(df9eac3d058fcfc4aaa2263fc2f65b6e) Importer(815301076,1909f56bfc062723c751e8b465ee728b)
Start importing Assets/Resources using Guid(df9eac3d058fcfc4aaa2263fc2f65b6e) Importer(815301076,1909f56bfc062723c751e8b465ee728b)  -> (artifact id: 'bc6ad58d06eea472e6a776d3d104a212') in 0.002695 seconds
  Import took 0.004898 seconds .

========================================================================
Received Import Request.
  Time since last request: 0.790767 seconds.
  path: Assets/Resources/Prefabs
  artifactKey: Guid(e874e0f011cb2b841bb54d52dd7180d4) Importer(815301076,1909f56bfc062723c751e8b465ee728b)
Start importing Assets/Resources/Prefabs using Guid(e874e0f011cb2b841bb54d52dd7180d4) Importer(815301076,1909f56bfc062723c751e8b465ee728b)  -> (artifact id: 'e806185e8cb991de6cdca8ba3a599099') in 0.012120 seconds
  Import took 0.014192 seconds .

========================================================================
Received Import Request.
  Time since last request: 0.621996 seconds.
  path: Assets/Resources/Prefabs/space.prefab
  artifactKey: Guid(523033b7a35d8ec4a864a13af23ade1e) Importer(815301076,1909f56bfc062723c751e8b465ee728b)
Start importing Assets/Resources/Prefabs/space.prefab using Guid(523033b7a35d8ec4a864a13af23ade1e) Importer(815301076,1909f56bfc062723c751e8b465ee728b)  -> (artifact id: '8bb1d452cc3abf60129d781a58526b43') in 0.119439 seconds
  Import took 0.121755 seconds .

========================================================================
Received Import Request.
  Time since last request: 29.170887 seconds.
  path: Assets/Resources/Sprites/space.png
  artifactKey: Guid(da9398f4e72c7cd4880863753bf83bb9) Importer(815301076,1909f56bfc062723c751e8b465ee728b)
Start importing Assets/Resources/Sprites/space.png using Guid(da9398f4e72c7cd4880863753bf83bb9) Importer(815301076,1909f56bfc062723c751e8b465ee728b)  -> (artifact id: '8bb39711641a255b315c78d0a2f87d75') in 0.027894 seconds
  Import took 0.029881 seconds .

========================================================================
Received Import Request.
  Time since last request: 0.020138 seconds.
  path: Assets/Resources/Sprites/space.png
  artifactKey: Guid(da9398f4e72c7cd4880863753bf83bb9) Importer(815301076,1909f56bfc062723c751e8b465ee728b)
Start importing Assets/Resources/Sprites/space.png using Guid(da9398f4e72c7cd4880863753bf83bb9) Importer(815301076,1909f56bfc062723c751e8b465ee728b)  -> (artifact id: '8bb39711641a255b315c78d0a2f87d75') in 0.007404 seconds
  Import took 0.009961 seconds .

========================================================================
Received Prepare
Registering precompiled user dll's ...
Registered in 0.003726 seconds.
Begin MonoManager ReloadAssembly
Native extension for WindowsStandalone target not found
Refreshing native plugins compatible for Editor in 0.29 ms, found 2 plugins.
Preloading 0 native plugins for Editor in 0.00 ms.
Mono: successfully reloaded assembly
- Completed reload, in  1.029 seconds
Platform modules already initialized, skipping
Refreshing native plugins compatible for Editor in 0.52 ms, found 2 plugins.
Preloading 0 native plugins for Editor in 0.00 ms.
Unloading 1417 Unused Serialized files (Serialized files now loaded: 0)
System memory in use before: 68.7 MB.
System memory in use after: 68.8 MB.

Unloading 13 unused Assets to reduce memory usage. Loaded Objects now: 1888.
Total: 1.686900 ms (FindLiveObjects: 0.142200 ms CreateObjectMapping: 0.040700 ms MarkObjects: 1.488300 ms  DeleteObjects: 0.014200 ms)

========================================================================
Received Import Request.
  Time since last request: 118.255312 seconds.
  path: Assets/Resources/Sprites/background.png
  artifactKey: Guid(120298705927e094d892bad603a2bac3) Importer(815301076,1909f56bfc062723c751e8b465ee728b)
Start importing Assets/Resources/Sprites/background.png using Guid(120298705927e094d892bad603a2bac3) Importer(815301076,1909f56bfc062723c751e8b465ee728b)  -> (artifact id: '0c1658b4c8912d7806e811973cad87bc') in 0.047627 seconds
  Import took 0.050249 seconds .

========================================================================
Received Import Request.
  Time since last request: 0.012156 seconds.
  path: Assets/Resources/Sprites/background.png
  artifactKey: Guid(120298705927e094d892bad603a2bac3) Importer(815301076,1909f56bfc062723c751e8b465ee728b)
Start importing Assets/Resources/Sprites/background.png using Guid(120298705927e094d892bad603a2bac3) Importer(815301076,1909f56bfc062723c751e8b465ee728b)  -> (artifact id: '0c1658b4c8912d7806e811973cad87bc') in 0.007200 seconds
  Import took 0.009497 seconds .

========================================================================
Received Import Request.
  Time since last request: 0.330922 seconds.
  path: Assets/Resources/Sprites/grid.png
  artifactKey: Guid(e36dcdae2782ae44189eaffaa352007e) Importer(815301076,1909f56bfc062723c751e8b465ee728b)
Start importing Assets/Resources/Sprites/grid.png using Guid(e36dcdae2782ae44189eaffaa352007e) Importer(815301076,1909f56bfc062723c751e8b465ee728b)  -> (artifact id: 'f4e373189d87133cfabf170eaea460a3') in 0.019863 seconds
  Import took 0.022217 seconds .

========================================================================
Received Import Request.
  Time since last request: 0.002310 seconds.
  path: Assets/Resources/Sprites/grid.png
  artifactKey: Guid(e36dcdae2782ae44189eaffaa352007e) Importer(815301076,1909f56bfc062723c751e8b465ee728b)
Start importing Assets/Resources/Sprites/grid.png using Guid(e36dcdae2782ae44189eaffaa352007e) Importer(815301076,1909f56bfc062723c751e8b465ee728b)  -> (artifact id: 'f4e373189d87133cfabf170eaea460a3') in 0.007852 seconds
  Import took 0.010295 seconds .

========================================================================
Received Import Request.
  Time since last request: 16.902474 seconds.
  path: Assets/Resources/Sprites/space.png
  artifactKey: Guid(da9398f4e72c7cd4880863753bf83bb9) Importer(815301076,1909f56bfc062723c751e8b465ee728b)
Start importing Assets/Resources/Sprites/space.png using Guid(da9398f4e72c7cd4880863753bf83bb9) Importer(815301076,1909f56bfc062723c751e8b465ee728b)  -> (artifact id: 'ac923e1d83d4764bf8223d22a7f57f0b') in 0.008452 seconds
  Import took 0.011410 seconds .

========================================================================
Received Import Request.
  Time since last request: 23.282552 seconds.
  path: Assets/Resources/Sprites/background.png
  artifactKey: Guid(120298705927e094d892bad603a2bac3) Importer(815301076,1909f56bfc062723c751e8b465ee728b)
Start importing Assets/Resources/Sprites/background.png using Guid(120298705927e094d892bad603a2bac3) Importer(815301076,1909f56bfc062723c751e8b465ee728b)  -> (artifact id: '9db8c388c6a53d8f548ab80bfc328cc6') in 0.007367 seconds
  Import took 0.009712 seconds .

========================================================================
Received Prepare
Registering precompiled user dll's ...
Registered in 0.005409 seconds.
Begin MonoManager ReloadAssembly
Native extension for WindowsStandalone target not found
Refreshing native plugins compatible for Editor in 0.28 ms, found 2 plugins.
Preloading 0 native plugins for Editor in 0.00 ms.
Mono: successfully reloaded assembly
- Completed reload, in  0.847 seconds
Platform modules already initialized, skipping
Refreshing native plugins compatible for Editor in 0.27 ms, found 2 plugins.
Preloading 0 native plugins for Editor in 0.00 ms.
Unloading 1417 Unused Serialized files (Serialized files now loaded: 0)
System memory in use before: 68.7 MB.
System memory in use after: 68.8 MB.

Unloading 13 unused Assets to reduce memory usage. Loaded Objects now: 1894.
Total: 1.735400 ms (FindLiveObjects: 0.134800 ms CreateObjectMapping: 0.038500 ms MarkObjects: 1.545600 ms  DeleteObjects: 0.015600 ms)

========================================================================
Received Import Request.
  Time since last request: 25.868178 seconds.
  path: Assets/Resources/Sprites/space.png
  artifactKey: Guid(da9398f4e72c7cd4880863753bf83bb9) Importer(815301076,1909f56bfc062723c751e8b465ee728b)
Start importing Assets/Resources/Sprites/space.png using Guid(da9398f4e72c7cd4880863753bf83bb9) Importer(815301076,1909f56bfc062723c751e8b465ee728b)  -> (artifact id: '09d9353e6b26e53c1d8fc8645cd10571') in 0.041287 seconds
  Import took 0.043448 seconds .

========================================================================
Received Import Request.
  Time since last request: 2.674161 seconds.
  path: Assets/Resources/Sprites/space.png
  artifactKey: Guid(da9398f4e72c7cd4880863753bf83bb9) Importer(815301076,1909f56bfc062723c751e8b465ee728b)
Start importing Assets/Resources/Sprites/space.png using Guid(da9398f4e72c7cd4880863753bf83bb9) Importer(815301076,1909f56bfc062723c751e8b465ee728b)  -> (artifact id: '776e8573d61c5376120fc92cf3563d8e') in 0.010588 seconds
  Import took 0.012776 seconds .

========================================================================
Received Import Request.
  Time since last request: 13.418906 seconds.
  path: Assets/Resources/Sprites/space.png
  artifactKey: Guid(da9398f4e72c7cd4880863753bf83bb9) Importer(815301076,1909f56bfc062723c751e8b465ee728b)
Start importing Assets/Resources/Sprites/space.png using Guid(da9398f4e72c7cd4880863753bf83bb9) Importer(815301076,1909f56bfc062723c751e8b465ee728b)  -> (artifact id: '6378e8ad3454917a1cee8e97b0487dac') in 0.010281 seconds
  Import took 0.012819 seconds .

========================================================================
Received Import Request.
  Time since last request: 13.038845 seconds.
  path: Assets/Resources/Sprites/space.png
  artifactKey: Guid(da9398f4e72c7cd4880863753bf83bb9) Importer(815301076,1909f56bfc062723c751e8b465ee728b)
Start importing Assets/Resources/Sprites/space.png using Guid(da9398f4e72c7cd4880863753bf83bb9) Importer(815301076,1909f56bfc062723c751e8b465ee728b)  -> (artifact id: '6888efb118e2c7f642645fe1ea7d0b23') in 0.009439 seconds
  Import took 0.011456 seconds .

========================================================================
Received Import Request.
  Time since last request: 43.848595 seconds.
  path: Assets/Resources/Sprites/background.png
  artifactKey: Guid(120298705927e094d892bad603a2bac3) Importer(815301076,1909f56bfc062723c751e8b465ee728b)
Start importing Assets/Resources/Sprites/background.png using Guid(120298705927e094d892bad603a2bac3) Importer(815301076,1909f56bfc062723c751e8b465ee728b)  -> (artifact id: '3583a1a462780728a442d98a00e50d48') in 0.008374 seconds
  Import took 0.010586 seconds .

========================================================================
Received Prepare
Registering precompiled user dll's ...
Registered in 0.003999 seconds.
Begin MonoManager ReloadAssembly
Native extension for WindowsStandalone target not found
Refreshing native plugins compatible for Editor in 0.29 ms, found 2 plugins.
Preloading 0 native plugins for Editor in 0.00 ms.
Mono: successfully reloaded assembly
- Completed reload, in  0.842 seconds
Platform modules already initialized, skipping
Refreshing native plugins compatible for Editor in 0.27 ms, found 2 plugins.
Preloading 0 native plugins for Editor in 0.00 ms.
Unloading 1417 Unused Serialized files (Serialized files now loaded: 0)
System memory in use before: 68.7 MB.
System memory in use after: 68.8 MB.

Unloading 13 unused Assets to reduce memory usage. Loaded Objects now: 1898.
Total: 1.634800 ms (FindLiveObjects: 0.133000 ms CreateObjectMapping: 0.045600 ms MarkObjects: 1.441100 ms  DeleteObjects: 0.014200 ms)

========================================================================
Received Import Request.
  Time since last request: 108.449652 seconds.
  path: Assets/Resources/Prefabs/space.prefab
  artifactKey: Guid(523033b7a35d8ec4a864a13af23ade1e) Importer(815301076,1909f56bfc062723c751e8b465ee728b)
Start importing Assets/Resources/Prefabs/space.prefab using Guid(523033b7a35d8ec4a864a13af23ade1e) Importer(815301076,1909f56bfc062723c751e8b465ee728b)  -> (artifact id: '4c9d3a77d8d8f7ca169fc7add22ad120') in 0.057536 seconds
  Import took 0.060333 seconds .

========================================================================
Received Prepare
Registering precompiled user dll's ...
Registered in 0.004690 seconds.
Begin MonoManager ReloadAssembly
Native extension for WindowsStandalone target not found
Refreshing native plugins compatible for Editor in 0.28 ms, found 2 plugins.
Preloading 0 native plugins for Editor in 0.00 ms.
Mono: successfully reloaded assembly
- Completed reload, in  0.956 seconds
Platform modules already initialized, skipping
Refreshing native plugins compatible for Editor in 0.30 ms, found 2 plugins.
Preloading 0 native plugins for Editor in 0.00 ms.
Unloading 1417 Unused Serialized files (Serialized files now loaded: 0)
System memory in use before: 68.7 MB.
System memory in use after: 68.8 MB.

Unloading 13 unused Assets to reduce memory usage. Loaded Objects now: 1902.
Total: 1.758900 ms (FindLiveObjects: 0.161600 ms CreateObjectMapping: 0.089900 ms MarkObjects: 1.484100 ms  DeleteObjects: 0.021900 ms)

========================================================================
Received Import Request.
  Time since last request: 9.014557 seconds.
  path: Assets/Resources/Prefabs/space.prefab
  artifactKey: Guid(523033b7a35d8ec4a864a13af23ade1e) Importer(815301076,1909f56bfc062723c751e8b465ee728b)
Start importing Assets/Resources/Prefabs/space.prefab using Guid(523033b7a35d8ec4a864a13af23ade1e) Importer(815301076,1909f56bfc062723c751e8b465ee728b)  -> (artifact id: '731f90bcc1401cee84411e077a26c3cd') in 0.059182 seconds
  Import took 0.061731 seconds .

========================================================================
Received Import Request.
  Time since last request: 0.116493 seconds.
  path: Assets/Resources/Prefabs/space.prefab
  artifactKey: Guid(523033b7a35d8ec4a864a13af23ade1e) Importer(815301076,1909f56bfc062723c751e8b465ee728b)
Start importing Assets/Resources/Prefabs/space.prefab using Guid(523033b7a35d8ec4a864a13af23ade1e) Importer(815301076,1909f56bfc062723c751e8b465ee728b)  -> (artifact id: 'f35a2f15d2c673c32df50b80fcd54d78') in 0.014222 seconds
  Import took 0.016456 seconds .

========================================================================
Received Import Request.
  Time since last request: 0.802761 seconds.
  path: Assets/Resources/Prefabs/space.prefab
  artifactKey: Guid(523033b7a35d8ec4a864a13af23ade1e) Importer(815301076,1909f56bfc062723c751e8b465ee728b)
Start importing Assets/Resources/Prefabs/space.prefab using Guid(523033b7a35d8ec4a864a13af23ade1e) Importer(815301076,1909f56bfc062723c751e8b465ee728b)  -> (artifact id: '51f1ac77553d6e3a3ed327ab42f2318d') in 0.007425 seconds
  Import took 0.009919 seconds .

========================================================================
Received Prepare
Registering precompiled user dll's ...
Registered in 0.004687 seconds.
Begin MonoManager ReloadAssembly
Native extension for WindowsStandalone target not found
Refreshing native plugins compatible for Editor in 0.28 ms, found 2 plugins.
Preloading 0 native plugins for Editor in 0.00 ms.
Mono: successfully reloaded assembly
- Completed reload, in  0.814 seconds
Platform modules already initialized, skipping
Refreshing native plugins compatible for Editor in 0.27 ms, found 2 plugins.
Preloading 0 native plugins for Editor in 0.00 ms.
Unloading 1417 Unused Serialized files (Serialized files now loaded: 0)
System memory in use before: 68.7 MB.
System memory in use after: 68.8 MB.

Unloading 13 unused Assets to reduce memory usage. Loaded Objects now: 1906.
Total: 1.708600 ms (FindLiveObjects: 0.139400 ms CreateObjectMapping: 0.040500 ms MarkObjects: 1.513800 ms  DeleteObjects: 0.014000 ms)

========================================================================
Received Import Request.
  Time since last request: 44.563498 seconds.
  path: Assets/Resources/Sprites
  artifactKey: Guid(a53432cb1c66a2443bccf6cea2ac6c54) Importer(815301076,1909f56bfc062723c751e8b465ee728b)
Start importing Assets/Resources/Sprites using Guid(a53432cb1c66a2443bccf6cea2ac6c54) Importer(815301076,1909f56bfc062723c751e8b465ee728b)  -> (artifact id: '5bfca327c72e227844a8afb623703a1b') in 0.010313 seconds
  Import took 0.013122 seconds .

========================================================================
Received Import Request.
  Time since last request: 0.727415 seconds.
  path: Assets/Resources/UI
  artifactKey: Guid(c34bfe5b9b0f27e429d03c3c80398f54) Importer(815301076,1909f56bfc062723c751e8b465ee728b)
Start importing Assets/Resources/UI using Guid(c34bfe5b9b0f27e429d03c3c80398f54) Importer(815301076,1909f56bfc062723c751e8b465ee728b)  -> (artifact id: 'c4febeaf1a722e56cd11ed65b17a209e') in 0.008880 seconds
  Import took 0.011364 seconds .

========================================================================
Received Prepare
Registering precompiled user dll's ...
Registered in 0.003635 seconds.
Begin MonoManager ReloadAssembly
Native extension for WindowsStandalone target not found
Refreshing native plugins compatible for Editor in 0.27 ms, found 2 plugins.
Preloading 0 native plugins for Editor in 0.00 ms.
Mono: successfully reloaded assembly
- Completed reload, in  0.832 seconds
Platform modules already initialized, skipping
Refreshing native plugins compatible for Editor in 0.25 ms, found 2 plugins.
Preloading 0 native plugins for Editor in 0.00 ms.
Unloading 1417 Unused Serialized files (Serialized files now loaded: 0)
System memory in use before: 68.7 MB.
System memory in use after: 68.9 MB.

Unloading 13 unused Assets to reduce memory usage. Loaded Objects now: 1909.
Total: 1.612500 ms (FindLiveObjects: 0.147800 ms CreateObjectMapping: 0.045400 ms MarkObjects: 1.404700 ms  DeleteObjects: 0.013500 ms)

========================================================================
Received Import Request.
  Time since last request: 49.053034 seconds.
  path: Assets/Resources/Sprites/space.png
  artifactKey: Guid(da9398f4e72c7cd4880863753bf83bb9) Importer(815301076,1909f56bfc062723c751e8b465ee728b)
Start importing Assets/Resources/Sprites/space.png using Guid(da9398f4e72c7cd4880863753bf83bb9) Importer(815301076,1909f56bfc062723c751e8b465ee728b)  -> (artifact id: '760a2eb3e2b43cfa2b5715accd9e3b44') in 0.042677 seconds
  Import took 0.044744 seconds .

========================================================================
Received Prepare
Registering precompiled user dll's ...
Registered in 0.004353 seconds.
Begin MonoManager ReloadAssembly
Native extension for WindowsStandalone target not found
Refreshing native plugins compatible for Editor in 0.27 ms, found 2 plugins.
Preloading 0 native plugins for Editor in 0.00 ms.
Mono: successfully reloaded assembly
- Completed reload, in  0.799 seconds
Platform modules already initialized, skipping
Refreshing native plugins compatible for Editor in 0.26 ms, found 2 plugins.
Preloading 0 native plugins for Editor in 0.00 ms.
Unloading 1417 Unused Serialized files (Serialized files now loaded: 0)
System memory in use before: 68.8 MB.
System memory in use after: 68.9 MB.

Unloading 13 unused Assets to reduce memory usage. Loaded Objects now: 1913.
Total: 1.656500 ms (FindLiveObjects: 0.140800 ms CreateObjectMapping: 0.039400 ms MarkObjects: 1.461800 ms  DeleteObjects: 0.013400 ms)

========================================================================
Received Import Request.
  Time since last request: 13.247238 seconds.
  path: Assets/Resources/Prefabs/space.prefab
  artifactKey: Guid(523033b7a35d8ec4a864a13af23ade1e) Importer(815301076,1909f56bfc062723c751e8b465ee728b)
Start importing Assets/Resources/Prefabs/space.prefab using Guid(523033b7a35d8ec4a864a13af23ade1e) Importer(815301076,1909f56bfc062723c751e8b465ee728b)  -> (artifact id: '3c7e5ba7a7952a7e140ea20c185cb52b') in 0.055817 seconds
  Import took 0.058086 seconds .

========================================================================
Received Import Request.
  Time since last request: 0.118114 seconds.
  path: Assets/Resources/Prefabs/space.prefab
  artifactKey: Guid(523033b7a35d8ec4a864a13af23ade1e) Importer(815301076,1909f56bfc062723c751e8b465ee728b)
Start importing Assets/Resources/Prefabs/space.prefab using Guid(523033b7a35d8ec4a864a13af23ade1e) Importer(815301076,1909f56bfc062723c751e8b465ee728b)  -> (artifact id: '1320d69d5d06e004ca68e393bcf72c64') in 0.013066 seconds
  Import took 0.015412 seconds .

========================================================================
Received Prepare
Registering precompiled user dll's ...
Registered in 0.003884 seconds.
Begin MonoManager ReloadAssembly
Native extension for WindowsStandalone target not found
Refreshing native plugins compatible for Editor in 0.38 ms, found 2 plugins.
Preloading 0 native plugins for Editor in 0.00 ms.
Mono: successfully reloaded assembly
- Completed reload, in  0.841 seconds
Platform modules already initialized, skipping
Refreshing native plugins compatible for Editor in 0.43 ms, found 2 plugins.
Preloading 0 native plugins for Editor in 0.00 ms.
Unloading 1417 Unused Serialized files (Serialized files now loaded: 0)
System memory in use before: 68.8 MB.
System memory in use after: 68.9 MB.

Unloading 13 unused Assets to reduce memory usage. Loaded Objects now: 1917.
Total: 1.918200 ms (FindLiveObjects: 0.175500 ms CreateObjectMapping: 0.054100 ms MarkObjects: 1.668400 ms  DeleteObjects: 0.018500 ms)

========================================================================
Received Import Request.
  Time since last request: 7.301220 seconds.
  path: Assets/Resources/Prefabs/space.prefab
  artifactKey: Guid(523033b7a35d8ec4a864a13af23ade1e) Importer(815301076,1909f56bfc062723c751e8b465ee728b)
Start importing Assets/Resources/Prefabs/space.prefab using Guid(523033b7a35d8ec4a864a13af23ade1e) Importer(815301076,1909f56bfc062723c751e8b465ee728b)  -> (artifact id: '40369016b22414dabb3d74cb3596e6bc') in 0.059015 seconds
  Import took 0.061503 seconds .

========================================================================
Received Import Request.
  Time since last request: 0.154715 seconds.
  path: Assets/Resources/Prefabs/space.prefab
  artifactKey: Guid(523033b7a35d8ec4a864a13af23ade1e) Importer(815301076,1909f56bfc062723c751e8b465ee728b)
Start importing Assets/Resources/Prefabs/space.prefab using Guid(523033b7a35d8ec4a864a13af23ade1e) Importer(815301076,1909f56bfc062723c751e8b465ee728b)  -> (artifact id: '9d64317d2e0ac646fb7457792598e294') in 0.016905 seconds
  Import took 0.019652 seconds .

========================================================================
Received Prepare
Registering precompiled user dll's ...
Registered in 0.003806 seconds.
Begin MonoManager ReloadAssembly
Native extension for WindowsStandalone target not found
Refreshing native plugins compatible for Editor in 0.28 ms, found 2 plugins.
Preloading 0 native plugins for Editor in 0.00 ms.
Mono: successfully reloaded assembly
- Completed reload, in  0.828 seconds
Platform modules already initialized, skipping
Refreshing native plugins compatible for Editor in 0.26 ms, found 2 plugins.
Preloading 0 native plugins for Editor in 0.00 ms.
Unloading 1417 Unused Serialized files (Serialized files now loaded: 0)
System memory in use before: 68.8 MB.
System memory in use after: 68.9 MB.

Unloading 13 unused Assets to reduce memory usage. Loaded Objects now: 1921.
Total: 1.692100 ms (FindLiveObjects: 0.140300 ms CreateObjectMapping: 0.040300 ms MarkObjects: 1.495200 ms  DeleteObjects: 0.015400 ms)

========================================================================
Received Prepare
Registering precompiled user dll's ...
Registered in 0.004221 seconds.
Begin MonoManager ReloadAssembly
Native extension for WindowsStandalone target not found
Refreshing native plugins compatible for Editor in 0.27 ms, found 2 plugins.
Preloading 0 native plugins for Editor in 0.00 ms.
Mono: successfully reloaded assembly
- Completed reload, in  0.805 seconds
Platform modules already initialized, skipping
Refreshing native plugins compatible for Editor in 0.27 ms, found 2 plugins.
Preloading 0 native plugins for Editor in 0.00 ms.
Unloading 1417 Unused Serialized files (Serialized files now loaded: 0)
System memory in use before: 68.8 MB.
System memory in use after: 68.9 MB.

Unloading 13 unused Assets to reduce memory usage. Loaded Objects now: 1924.
Total: 1.677800 ms (FindLiveObjects: 0.138300 ms CreateObjectMapping: 0.042800 ms MarkObjects: 1.482300 ms  DeleteObjects: 0.013500 ms)

========================================================================
Received Import Request.
  Time since last request: 109.981205 seconds.
  path: Assets/Resources/Sprites/space.png
  artifactKey: Guid(da9398f4e72c7cd4880863753bf83bb9) Importer(815301076,1909f56bfc062723c751e8b465ee728b)
Start importing Assets/Resources/Sprites/space.png using Guid(da9398f4e72c7cd4880863753bf83bb9) Importer(815301076,1909f56bfc062723c751e8b465ee728b)  -> (artifact id: '52ba48c26737b51c48004b28e9163804') in 0.054339 seconds
  Import took 0.056644 seconds .

========================================================================
Received Import Request.
  Time since last request: 3.242980 seconds.
  path: Assets/Resources/Sprites/space.png
  artifactKey: Guid(da9398f4e72c7cd4880863753bf83bb9) Importer(815301076,1909f56bfc062723c751e8b465ee728b)
Start importing Assets/Resources/Sprites/space.png using Guid(da9398f4e72c7cd4880863753bf83bb9) Importer(815301076,1909f56bfc062723c751e8b465ee728b)  -> (artifact id: 'dbf3fa94d6a9075c849d12e262e3c711') in 0.010592 seconds
  Import took 0.012900 seconds .

========================================================================
Received Import Request.
  Time since last request: 2.485937 seconds.
  path: Assets/Resources/Sprites/space.png
  artifactKey: Guid(da9398f4e72c7cd4880863753bf83bb9) Importer(815301076,1909f56bfc062723c751e8b465ee728b)
Start importing Assets/Resources/Sprites/space.png using Guid(da9398f4e72c7cd4880863753bf83bb9) Importer(815301076,1909f56bfc062723c751e8b465ee728b)  -> (artifact id: 'abb0074833a6d39e8dd552ab2a413aed') in 0.016522 seconds
  Import took 0.018827 seconds .

========================================================================
Received Prepare
Registering precompiled user dll's ...
Registered in 0.003622 seconds.
Begin MonoManager ReloadAssembly
Native extension for WindowsStandalone target not found
Refreshing native plugins compatible for Editor in 0.30 ms, found 2 plugins.
Preloading 0 native plugins for Editor in 0.00 ms.
Mono: successfully reloaded assembly
- Completed reload, in  0.837 seconds
Platform modules already initialized, skipping
Refreshing native plugins compatible for Editor in 0.26 ms, found 2 plugins.
Preloading 0 native plugins for Editor in 0.00 ms.
Unloading 1417 Unused Serialized files (Serialized files now loaded: 0)
System memory in use before: 68.8 MB.
System memory in use after: 68.9 MB.

Unloading 13 unused Assets to reduce memory usage. Loaded Objects now: 1929.
Total: 1.595300 ms (FindLiveObjects: 0.148500 ms CreateObjectMapping: 0.046300 ms MarkObjects: 1.384600 ms  DeleteObjects: 0.014700 ms)

========================================================================
Received Prepare
Registering precompiled user dll's ...
Registered in 0.005506 seconds.
Begin MonoManager ReloadAssembly
Native extension for WindowsStandalone target not found
Refreshing native plugins compatible for Editor in 0.27 ms, found 2 plugins.
Preloading 0 native plugins for Editor in 0.00 ms.
Mono: successfully reloaded assembly
- Completed reload, in  0.858 seconds
Platform modules already initialized, skipping
Refreshing native plugins compatible for Editor in 0.27 ms, found 2 plugins.
Preloading 0 native plugins for Editor in 0.00 ms.
Unloading 1417 Unused Serialized files (Serialized files now loaded: 0)
System memory in use before: 68.8 MB.
System memory in use after: 68.9 MB.

Unloading 13 unused Assets to reduce memory usage. Loaded Objects now: 1932.
Total: 1.674300 ms (FindLiveObjects: 0.135700 ms CreateObjectMapping: 0.039600 ms MarkObjects: 1.484200 ms  DeleteObjects: 0.013900 ms)

========================================================================
Received Import Request.
  Time since last request: 52.348276 seconds.
  path: Assets/Resources/Sprites/space.png
  artifactKey: Guid(da9398f4e72c7cd4880863753bf83bb9) Importer(815301076,1909f56bfc062723c751e8b465ee728b)
Start importing Assets/Resources/Sprites/space.png using Guid(da9398f4e72c7cd4880863753bf83bb9) Importer(815301076,1909f56bfc062723c751e8b465ee728b)  -> (artifact id: '758421244abd00b8f55dc06908d61fdc') in 0.048832 seconds
  Import took 0.051186 seconds .

========================================================================
Received Import Request.
  Time since last request: 8.564543 seconds.
  path: Assets/Resources/Sprites/space.png
  artifactKey: Guid(da9398f4e72c7cd4880863753bf83bb9) Importer(815301076,1909f56bfc062723c751e8b465ee728b)
Start importing Assets/Resources/Sprites/space.png using Guid(da9398f4e72c7cd4880863753bf83bb9) Importer(815301076,1909f56bfc062723c751e8b465ee728b)  -> (artifact id: '917c7e2430cced9d18a0ad5bbb13daf5') in 0.009355 seconds
  Import took 0.011664 seconds .

========================================================================
Received Import Request.
  Time since last request: 7.110531 seconds.
  path: Assets/Resources/Sprites/background.png
  artifactKey: Guid(120298705927e094d892bad603a2bac3) Importer(815301076,1909f56bfc062723c751e8b465ee728b)
Start importing Assets/Resources/Sprites/background.png using Guid(120298705927e094d892bad603a2bac3) Importer(815301076,1909f56bfc062723c751e8b465ee728b)  -> (artifact id: '5cd4aea1d2fc93b6ff4f9308e88addbd') in 0.007290 seconds
  Import took 0.010182 seconds .

========================================================================
Received Import Request.
  Time since last request: 7.204988 seconds.
  path: Assets/Resources/Sprites/space 1.png
  artifactKey: Guid(c83c6f57e0be2774ca560684a4767ce7) Importer(815301076,1909f56bfc062723c751e8b465ee728b)
Start importing Assets/Resources/Sprites/space 1.png using Guid(c83c6f57e0be2774ca560684a4767ce7) Importer(815301076,1909f56bfc062723c751e8b465ee728b)  -> (artifact id: '5705e9424a739b06571efce540b80f09') in 0.015381 seconds
  Import took 0.017814 seconds .

========================================================================
Received Import Request.
  Time since last request: 1.816311 seconds.
  path: Assets/Resources/Sprites/background.png
  artifactKey: Guid(c83c6f57e0be2774ca560684a4767ce7) Importer(815301076,1909f56bfc062723c751e8b465ee728b)
Start importing Assets/Resources/Sprites/background.png using Guid(c83c6f57e0be2774ca560684a4767ce7) Importer(815301076,1909f56bfc062723c751e8b465ee728b)  -> (artifact id: '02d5f95aba7e19a389236e9696f17397') in 0.009466 seconds
  Import took 0.011894 seconds .

========================================================================
Received Import Request.
  Time since last request: 2.434751 seconds.
  path: Assets/Resources/Prefabs/value.prefab
  artifactKey: Guid(ebb76cf641dfc894d887338cf8ece793) Importer(815301076,1909f56bfc062723c751e8b465ee728b)
Start importing Assets/Resources/Prefabs/value.prefab using Guid(ebb76cf641dfc894d887338cf8ece793) Importer(815301076,1909f56bfc062723c751e8b465ee728b)  -> (artifact id: '68817e26adda7f4f54d828cdac118067') in 0.020435 seconds
  Import took 0.022693 seconds .

========================================================================
Received Import Request.
  Time since last request: 0.032547 seconds.
  path: Assets/Resources/Prefabs/value.prefab
  artifactKey: Guid(ebb76cf641dfc894d887338cf8ece793) Importer(815301076,1909f56bfc062723c751e8b465ee728b)
Start importing Assets/Resources/Prefabs/value.prefab using Guid(ebb76cf641dfc894d887338cf8ece793) Importer(815301076,1909f56bfc062723c751e8b465ee728b)  -> (artifact id: '68817e26adda7f4f54d828cdac118067') in 0.003744 seconds
  Import took 0.006396 seconds .

========================================================================
Received Import Request.
  Time since last request: 5.593938 seconds.
  path: Assets/Resources/Prefabs/value.prefab
  artifactKey: Guid(ebb76cf641dfc894d887338cf8ece793) Importer(815301076,1909f56bfc062723c751e8b465ee728b)
Start importing Assets/Resources/Prefabs/value.prefab using Guid(ebb76cf641dfc894d887338cf8ece793) Importer(815301076,1909f56bfc062723c751e8b465ee728b)  -> (artifact id: '146ea4acfa5d3058b1abe94c9e2b0cba') in 0.003640 seconds
  Import took 0.005690 seconds .

========================================================================
Received Prepare
Registering precompiled user dll's ...
Registered in 0.003771 seconds.
Begin MonoManager ReloadAssembly
Native extension for WindowsStandalone target not found
Refreshing native plugins compatible for Editor in 0.31 ms, found 2 plugins.
Preloading 0 native plugins for Editor in 0.00 ms.
Mono: successfully reloaded assembly
- Completed reload, in  0.828 seconds
Platform modules already initialized, skipping
Refreshing native plugins compatible for Editor in 0.27 ms, found 2 plugins.
Preloading 0 native plugins for Editor in 0.00 ms.
Unloading 1417 Unused Serialized files (Serialized files now loaded: 0)
System memory in use before: 68.9 MB.
System memory in use after: 69.0 MB.

Unloading 13 unused Assets to reduce memory usage. Loaded Objects now: 1938.
Total: 1.727800 ms (FindLiveObjects: 0.145500 ms CreateObjectMapping: 0.041700 ms MarkObjects: 1.523700 ms  DeleteObjects: 0.015900 ms)

========================================================================
Received Import Request.
  Time since last request: 42.693561 seconds.
  path: Assets/Resources/Prefabs/space.prefab
  artifactKey: Guid(523033b7a35d8ec4a864a13af23ade1e) Importer(815301076,1909f56bfc062723c751e8b465ee728b)
Start importing Assets/Resources/Prefabs/space.prefab using Guid(523033b7a35d8ec4a864a13af23ade1e) Importer(815301076,1909f56bfc062723c751e8b465ee728b)  -> (artifact id: 'a6b9af79b91f60255d782242b78e0e88') in 0.056674 seconds
  Import took 0.058875 seconds .

========================================================================
Received Import Request.
  Time since last request: 0.530477 seconds.
  path: Assets/Resources/Prefabs/space.prefab
  artifactKey: Guid(523033b7a35d8ec4a864a13af23ade1e) Importer(815301076,1909f56bfc062723c751e8b465ee728b)
Start importing Assets/Resources/Prefabs/space.prefab using Guid(523033b7a35d8ec4a864a13af23ade1e) Importer(815301076,1909f56bfc062723c751e8b465ee728b)  -> (artifact id: '2ec6c9c2c37f8d08c764ed9d4d67d393') in 0.019583 seconds
  Import took 0.021927 seconds .

========================================================================
Received Prepare
Registering precompiled user dll's ...
Registered in 0.003656 seconds.
Begin MonoManager ReloadAssembly
Native extension for WindowsStandalone target not found
Refreshing native plugins compatible for Editor in 0.28 ms, found 2 plugins.
Preloading 0 native plugins for Editor in 0.00 ms.
Mono: successfully reloaded assembly
- Completed reload, in  0.848 seconds
Platform modules already initialized, skipping
Refreshing native plugins compatible for Editor in 0.34 ms, found 2 plugins.
Preloading 0 native plugins for Editor in 0.00 ms.
Unloading 1417 Unused Serialized files (Serialized files now loaded: 0)
System memory in use before: 68.9 MB.
System memory in use after: 69.0 MB.

Unloading 13 unused Assets to reduce memory usage. Loaded Objects now: 1942.
Total: 1.687500 ms (FindLiveObjects: 0.154500 ms CreateObjectMapping: 0.044800 ms MarkObjects: 1.470600 ms  DeleteObjects: 0.016300 ms)

========================================================================
Received Import Request.
  Time since last request: 24.992706 seconds.
  path: Assets/Resources/Prefabs/space.prefab
  artifactKey: Guid(523033b7a35d8ec4a864a13af23ade1e) Importer(815301076,1909f56bfc062723c751e8b465ee728b)
Start importing Assets/Resources/Prefabs/space.prefab using Guid(523033b7a35d8ec4a864a13af23ade1e) Importer(815301076,1909f56bfc062723c751e8b465ee728b)  -> (artifact id: '09b557cdc331d2f5c3ccae379678fe8e') in 0.059582 seconds
  Import took 0.061831 seconds .

========================================================================
Received Import Request.
  Time since last request: 0.110405 seconds.
  path: Assets/Resources/Prefabs/space.prefab
  artifactKey: Guid(523033b7a35d8ec4a864a13af23ade1e) Importer(815301076,1909f56bfc062723c751e8b465ee728b)
Start importing Assets/Resources/Prefabs/space.prefab using Guid(523033b7a35d8ec4a864a13af23ade1e) Importer(815301076,1909f56bfc062723c751e8b465ee728b)  -> (artifact id: '0ce5307fff2aa18322c7023116ae9f74') in 0.019951 seconds
  Import took 0.022476 seconds .

========================================================================
Received Prepare
Registering precompiled user dll's ...
Registered in 0.003600 seconds.
Begin MonoManager ReloadAssembly
Native extension for WindowsStandalone target not found
Refreshing native plugins compatible for Editor in 0.30 ms, found 2 plugins.
Preloading 0 native plugins for Editor in 0.00 ms.
Mono: successfully reloaded assembly
- Completed reload, in  0.883 seconds
Platform modules already initialized, skipping
Refreshing native plugins compatible for Editor in 0.27 ms, found 2 plugins.
Preloading 0 native plugins for Editor in 0.00 ms.
Unloading 1417 Unused Serialized files (Serialized files now loaded: 0)
System memory in use before: 68.9 MB.
System memory in use after: 69.0 MB.

Unloading 13 unused Assets to reduce memory usage. Loaded Objects now: 1946.
Total: 1.727100 ms (FindLiveObjects: 0.150800 ms CreateObjectMapping: 0.045200 ms MarkObjects: 1.514400 ms  DeleteObjects: 0.015700 ms)

========================================================================
Received Prepare
Registering precompiled user dll's ...
Registered in 0.004416 seconds.
Begin MonoManager ReloadAssembly
Native extension for WindowsStandalone target not found
Refreshing native plugins compatible for Editor in 0.28 ms, found 2 plugins.
Preloading 0 native plugins for Editor in 0.00 ms.
Mono: successfully reloaded assembly
- Completed reload, in  0.818 seconds
Platform modules already initialized, skipping
Refreshing native plugins compatible for Editor in 0.27 ms, found 2 plugins.
Preloading 0 native plugins for Editor in 0.00 ms.
Unloading 1417 Unused Serialized files (Serialized files now loaded: 0)
System memory in use before: 68.9 MB.
System memory in use after: 69.0 MB.

Unloading 13 unused Assets to reduce memory usage. Loaded Objects now: 1949.
Total: 1.675400 ms (FindLiveObjects: 0.145800 ms CreateObjectMapping: 0.043300 ms MarkObjects: 1.471900 ms  DeleteObjects: 0.013700 ms)

========================================================================
Received Prepare
Registering precompiled user dll's ...
Registered in 0.004128 seconds.
Begin MonoManager ReloadAssembly
Native extension for WindowsStandalone target not found
Refreshing native plugins compatible for Editor in 0.28 ms, found 2 plugins.
Preloading 0 native plugins for Editor in 0.00 ms.
Mono: successfully reloaded assembly
- Completed reload, in  0.825 seconds
Platform modules already initialized, skipping
Refreshing native plugins compatible for Editor in 0.30 ms, found 2 plugins.
Preloading 0 native plugins for Editor in 0.00 ms.
Unloading 1417 Unused Serialized files (Serialized files now loaded: 0)
System memory in use before: 68.9 MB.
System memory in use after: 69.0 MB.

Unloading 13 unused Assets to reduce memory usage. Loaded Objects now: 1952.
Total: 1.749700 ms (FindLiveObjects: 0.150800 ms CreateObjectMapping: 0.043600 ms MarkObjects: 1.538200 ms  DeleteObjects: 0.015700 ms)

========================================================================
Received Prepare
Registering precompiled user dll's ...
Registered in 0.004468 seconds.
Begin MonoManager ReloadAssembly
Native extension for WindowsStandalone target not found
Refreshing native plugins compatible for Editor in 0.30 ms, found 2 plugins.
Preloading 0 native plugins for Editor in 0.00 ms.
Mono: successfully reloaded assembly
- Completed reload, in  0.851 seconds
Platform modules already initialized, skipping
Refreshing native plugins compatible for Editor in 0.27 ms, found 2 plugins.
Preloading 0 native plugins for Editor in 0.00 ms.
Unloading 1417 Unused Serialized files (Serialized files now loaded: 0)
System memory in use before: 68.9 MB.
System memory in use after: 69.1 MB.

Unloading 13 unused Assets to reduce memory usage. Loaded Objects now: 1955.
Total: 1.893300 ms (FindLiveObjects: 0.211000 ms CreateObjectMapping: 0.112500 ms MarkObjects: 1.546900 ms  DeleteObjects: 0.021300 ms)

========================================================================
Received Prepare
Registering precompiled user dll's ...
Registered in 0.004277 seconds.
Begin MonoManager ReloadAssembly
Native extension for WindowsStandalone target not found
Refreshing native plugins compatible for Editor in 0.28 ms, found 2 plugins.
Preloading 0 native plugins for Editor in 0.00 ms.
Mono: successfully reloaded assembly
- Completed reload, in  0.866 seconds
Platform modules already initialized, skipping
Refreshing native plugins compatible for Editor in 0.28 ms, found 2 plugins.
Preloading 0 native plugins for Editor in 0.00 ms.
Unloading 1417 Unused Serialized files (Serialized files now loaded: 0)
System memory in use before: 69.0 MB.
System memory in use after: 69.1 MB.

Unloading 13 unused Assets to reduce memory usage. Loaded Objects now: 1958.
Total: 1.730300 ms (FindLiveObjects: 0.161200 ms CreateObjectMapping: 0.046300 ms MarkObjects: 1.505400 ms  DeleteObjects: 0.016500 ms)

========================================================================
Received Prepare
Registering precompiled user dll's ...
Registered in 0.004014 seconds.
Begin MonoManager ReloadAssembly
Native extension for WindowsStandalone target not found
Refreshing native plugins compatible for Editor in 0.28 ms, found 2 plugins.
Preloading 0 native plugins for Editor in 0.00 ms.
Mono: successfully reloaded assembly
- Completed reload, in  0.827 seconds
Platform modules already initialized, skipping
Refreshing native plugins compatible for Editor in 0.31 ms, found 2 plugins.
Preloading 0 native plugins for Editor in 0.00 ms.
Unloading 1417 Unused Serialized files (Serialized files now loaded: 0)
System memory in use before: 69.0 MB.
System memory in use after: 69.1 MB.

Unloading 13 unused Assets to reduce memory usage. Loaded Objects now: 1961.
Total: 3.119200 ms (FindLiveObjects: 0.265800 ms CreateObjectMapping: 0.077300 ms MarkObjects: 2.741900 ms  DeleteObjects: 0.032000 ms)

========================================================================
Received Prepare
Registering precompiled user dll's ...
Registered in 0.005407 seconds.
Begin MonoManager ReloadAssembly
Native extension for WindowsStandalone target not found
Refreshing native plugins compatible for Editor in 0.27 ms, found 2 plugins.
Preloading 0 native plugins for Editor in 0.00 ms.
Mono: successfully reloaded assembly
- Completed reload, in  0.853 seconds
Platform modules already initialized, skipping
Refreshing native plugins compatible for Editor in 0.28 ms, found 2 plugins.
Preloading 0 native plugins for Editor in 0.00 ms.
Unloading 1417 Unused Serialized files (Serialized files now loaded: 0)
System memory in use before: 69.0 MB.
System memory in use after: 69.1 MB.

Unloading 13 unused Assets to reduce memory usage. Loaded Objects now: 1964.
Total: 1.719500 ms (FindLiveObjects: 0.147800 ms CreateObjectMapping: 0.041900 ms MarkObjects: 1.513300 ms  DeleteObjects: 0.015500 ms)

========================================================================
Received Prepare
Registering precompiled user dll's ...
Registered in 0.003798 seconds.
Begin MonoManager ReloadAssembly
Native extension for WindowsStandalone target not found
Refreshing native plugins compatible for Editor in 0.28 ms, found 2 plugins.
Preloading 0 native plugins for Editor in 0.00 ms.
Mono: successfully reloaded assembly
- Completed reload, in  0.871 seconds
Platform modules already initialized, skipping
Refreshing native plugins compatible for Editor in 0.27 ms, found 2 plugins.
Preloading 0 native plugins for Editor in 0.00 ms.
Unloading 1417 Unused Serialized files (Serialized files now loaded: 0)
System memory in use before: 69.0 MB.
System memory in use after: 69.1 MB.

Unloading 13 unused Assets to reduce memory usage. Loaded Objects now: 1967.
Total: 1.819300 ms (FindLiveObjects: 0.162300 ms CreateObjectMapping: 0.052100 ms MarkObjects: 1.589600 ms  DeleteObjects: 0.014300 ms)

========================================================================
Received Prepare
Registering precompiled user dll's ...
Registered in 0.003749 seconds.
Begin MonoManager ReloadAssembly
Native extension for WindowsStandalone target not found
Refreshing native plugins compatible for Editor in 0.28 ms, found 2 plugins.
Preloading 0 native plugins for Editor in 0.00 ms.
Mono: successfully reloaded assembly
- Completed reload, in  0.884 seconds
Platform modules already initialized, skipping
Refreshing native plugins compatible for Editor in 0.27 ms, found 2 plugins.
Preloading 0 native plugins for Editor in 0.00 ms.
Unloading 1417 Unused Serialized files (Serialized files now loaded: 0)
System memory in use before: 69.0 MB.
System memory in use after: 69.1 MB.

Unloading 13 unused Assets to reduce memory usage. Loaded Objects now: 1970.
Total: 1.737000 ms (FindLiveObjects: 0.141800 ms CreateObjectMapping: 0.037300 ms MarkObjects: 1.541500 ms  DeleteObjects: 0.015400 ms)

========================================================================
Received Prepare
Registering precompiled user dll's ...
Registered in 0.003691 seconds.
Begin MonoManager ReloadAssembly
Native extension for WindowsStandalone target not found
Refreshing native plugins compatible for Editor in 0.28 ms, found 2 plugins.
Preloading 0 native plugins for Editor in 0.00 ms.
Mono: successfully reloaded assembly
- Completed reload, in  0.852 seconds
Platform modules already initialized, skipping
Refreshing native plugins compatible for Editor in 0.27 ms, found 2 plugins.
Preloading 0 native plugins for Editor in 0.00 ms.
Unloading 1417 Unused Serialized files (Serialized files now loaded: 0)
System memory in use before: 69.0 MB.
System memory in use after: 69.1 MB.

Unloading 13 unused Assets to reduce memory usage. Loaded Objects now: 1973.
Total: 1.711300 ms (FindLiveObjects: 0.150900 ms CreateObjectMapping: 0.045100 ms MarkObjects: 1.501100 ms  DeleteObjects: 0.013200 ms)

========================================================================
Received Prepare
Registering precompiled user dll's ...
Registered in 0.003962 seconds.
Begin MonoManager ReloadAssembly
Native extension for WindowsStandalone target not found
Refreshing native plugins compatible for Editor in 0.29 ms, found 2 plugins.
Preloading 0 native plugins for Editor in 0.00 ms.
Mono: successfully reloaded assembly
- Completed reload, in  0.819 seconds
Platform modules already initialized, skipping
Refreshing native plugins compatible for Editor in 0.28 ms, found 2 plugins.
Preloading 0 native plugins for Editor in 0.00 ms.
Unloading 1417 Unused Serialized files (Serialized files now loaded: 0)
System memory in use before: 69.0 MB.
System memory in use after: 69.1 MB.

Unloading 13 unused Assets to reduce memory usage. Loaded Objects now: 1976.
Total: 1.732900 ms (FindLiveObjects: 0.149800 ms CreateObjectMapping: 0.044800 ms MarkObjects: 1.519700 ms  DeleteObjects: 0.017100 ms)

========================================================================
Received Prepare
Registering precompiled user dll's ...
Registered in 0.003862 seconds.
Begin MonoManager ReloadAssembly
Native extension for WindowsStandalone target not found
Refreshing native plugins compatible for Editor in 0.28 ms, found 2 plugins.
Preloading 0 native plugins for Editor in 0.00 ms.
Mono: successfully reloaded assembly
- Completed reload, in  0.856 seconds
Platform modules already initialized, skipping
Refreshing native plugins compatible for Editor in 0.28 ms, found 2 plugins.
Preloading 0 native plugins for Editor in 0.00 ms.
Unloading 1417 Unused Serialized files (Serialized files now loaded: 0)
System memory in use before: 69.0 MB.
System memory in use after: 69.1 MB.

Unloading 13 unused Assets to reduce memory usage. Loaded Objects now: 1979.
Total: 1.713400 ms (FindLiveObjects: 0.152900 ms CreateObjectMapping: 0.045000 ms MarkObjects: 1.499800 ms  DeleteObjects: 0.014900 ms)

========================================================================
Received Prepare
Registering precompiled user dll's ...
Registered in 0.006001 seconds.
Begin MonoManager ReloadAssembly
Native extension for WindowsStandalone target not found
Refreshing native plugins compatible for Editor in 0.28 ms, found 2 plugins.
Preloading 0 native plugins for Editor in 0.00 ms.
Mono: successfully reloaded assembly
- Completed reload, in  0.865 seconds
Platform modules already initialized, skipping
Refreshing native plugins compatible for Editor in 0.27 ms, found 2 plugins.
Preloading 0 native plugins for Editor in 0.00 ms.
Unloading 1417 Unused Serialized files (Serialized files now loaded: 0)
System memory in use before: 69.0 MB.
System memory in use after: 69.1 MB.

Unloading 13 unused Assets to reduce memory usage. Loaded Objects now: 1982.
Total: 1.796000 ms (FindLiveObjects: 0.164700 ms CreateObjectMapping: 0.048700 ms MarkObjects: 1.566000 ms  DeleteObjects: 0.015500 ms)

========================================================================
Received Prepare
Registering precompiled user dll's ...
Registered in 0.003596 seconds.
Begin MonoManager ReloadAssembly
Native extension for WindowsStandalone target not found
Refreshing native plugins compatible for Editor in 0.30 ms, found 2 plugins.
Preloading 0 native plugins for Editor in 0.00 ms.
Mono: successfully reloaded assembly
- Completed reload, in  0.880 seconds
Platform modules already initialized, skipping
Refreshing native plugins compatible for Editor in 0.27 ms, found 2 plugins.
Preloading 0 native plugins for Editor in 0.00 ms.
Unloading 1417 Unused Serialized files (Serialized files now loaded: 0)
System memory in use before: 69.0 MB.
System memory in use after: 69.1 MB.

Unloading 13 unused Assets to reduce memory usage. Loaded Objects now: 1985.
Total: 1.696000 ms (FindLiveObjects: 0.149800 ms CreateObjectMapping: 0.041200 ms MarkObjects: 1.490000 ms  DeleteObjects: 0.014200 ms)

========================================================================
Received Prepare
Registering precompiled user dll's ...
Registered in 0.004881 seconds.
Begin MonoManager ReloadAssembly
Native extension for WindowsStandalone target not found
Refreshing native plugins compatible for Editor in 0.28 ms, found 2 plugins.
Preloading 0 native plugins for Editor in 0.00 ms.
Mono: successfully reloaded assembly
- Completed reload, in  0.833 seconds
Platform modules already initialized, skipping
Refreshing native plugins compatible for Editor in 0.27 ms, found 2 plugins.
Preloading 0 native plugins for Editor in 0.00 ms.
Unloading 1417 Unused Serialized files (Serialized files now loaded: 0)
System memory in use before: 69.0 MB.
System memory in use after: 69.1 MB.

Unloading 13 unused Assets to reduce memory usage. Loaded Objects now: 1988.
Total: 1.684600 ms (FindLiveObjects: 0.142600 ms CreateObjectMapping: 0.040800 ms MarkObjects: 1.486500 ms  DeleteObjects: 0.013900 ms)

========================================================================
Received Prepare
Registering precompiled user dll's ...
Registered in 0.003739 seconds.
Begin MonoManager ReloadAssembly
Native extension for WindowsStandalone target not found
Refreshing native plugins compatible for Editor in 0.28 ms, found 2 plugins.
Preloading 0 native plugins for Editor in 0.00 ms.
Mono: successfully reloaded assembly
- Completed reload, in  0.861 seconds
Platform modules already initialized, skipping
Refreshing native plugins compatible for Editor in 0.27 ms, found 2 plugins.
Preloading 0 native plugins for Editor in 0.00 ms.
Unloading 1417 Unused Serialized files (Serialized files now loaded: 0)
System memory in use before: 69.0 MB.
System memory in use after: 69.1 MB.

Unloading 13 unused Assets to reduce memory usage. Loaded Objects now: 1991.
Total: 1.732300 ms (FindLiveObjects: 0.160700 ms CreateObjectMapping: 0.045400 ms MarkObjects: 1.510000 ms  DeleteObjects: 0.015000 ms)

========================================================================
Received Prepare
Registering precompiled user dll's ...
Registered in 0.003565 seconds.
Begin MonoManager ReloadAssembly
Native extension for WindowsStandalone target not found
Refreshing native plugins compatible for Editor in 0.29 ms, found 2 plugins.
Preloading 0 native plugins for Editor in 0.00 ms.
Mono: successfully reloaded assembly
- Completed reload, in  0.857 seconds
Platform modules already initialized, skipping
Refreshing native plugins compatible for Editor in 0.30 ms, found 2 plugins.
Preloading 0 native plugins for Editor in 0.00 ms.
Unloading 1417 Unused Serialized files (Serialized files now loaded: 0)
System memory in use before: 69.0 MB.
System memory in use after: 69.1 MB.

Unloading 13 unused Assets to reduce memory usage. Loaded Objects now: 1994.
Total: 1.739700 ms (FindLiveObjects: 0.153500 ms CreateObjectMapping: 0.045100 ms MarkObjects: 1.525500 ms  DeleteObjects: 0.014500 ms)

========================================================================
Received Prepare
Registering precompiled user dll's ...
Registered in 0.004235 seconds.
Begin MonoManager ReloadAssembly
Native extension for WindowsStandalone target not found
Refreshing native plugins compatible for Editor in 0.28 ms, found 2 plugins.
Preloading 0 native plugins for Editor in 0.00 ms.
Mono: successfully reloaded assembly
- Completed reload, in  0.844 seconds
Platform modules already initialized, skipping
Refreshing native plugins compatible for Editor in 0.27 ms, found 2 plugins.
Preloading 0 native plugins for Editor in 0.00 ms.
Unloading 1417 Unused Serialized files (Serialized files now loaded: 0)
System memory in use before: 69.0 MB.
System memory in use after: 69.1 MB.

Unloading 13 unused Assets to reduce memory usage. Loaded Objects now: 1997.
Total: 1.736700 ms (FindLiveObjects: 0.155200 ms CreateObjectMapping: 0.045000 ms MarkObjects: 1.520600 ms  DeleteObjects: 0.014700 ms)

========================================================================
Received Prepare
Registering precompiled user dll's ...
Registered in 0.005531 seconds.
Begin MonoManager ReloadAssembly
Native extension for WindowsStandalone target not found
Refreshing native plugins compatible for Editor in 0.28 ms, found 2 plugins.
Preloading 0 native plugins for Editor in 0.00 ms.
Mono: successfully reloaded assembly
- Completed reload, in  0.864 seconds
Platform modules already initialized, skipping
Refreshing native plugins compatible for Editor in 0.27 ms, found 2 plugins.
Preloading 0 native plugins for Editor in 0.00 ms.
Unloading 1417 Unused Serialized files (Serialized files now loaded: 0)
System memory in use before: 69.0 MB.
System memory in use after: 69.2 MB.

Unloading 13 unused Assets to reduce memory usage. Loaded Objects now: 2000.
Total: 1.675400 ms (FindLiveObjects: 0.164300 ms CreateObjectMapping: 0.047900 ms MarkObjects: 1.447100 ms  DeleteObjects: 0.014600 ms)

========================================================================
Received Prepare
Registering precompiled user dll's ...
Registered in 0.003645 seconds.
Begin MonoManager ReloadAssembly
Native extension for WindowsStandalone target not found
Refreshing native plugins compatible for Editor in 0.32 ms, found 2 plugins.
Preloading 0 native plugins for Editor in 0.00 ms.
Mono: successfully reloaded assembly
- Completed reload, in  0.933 seconds
Platform modules already initialized, skipping
Refreshing native plugins compatible for Editor in 0.28 ms, found 2 plugins.
Preloading 0 native plugins for Editor in 0.00 ms.
Unloading 1417 Unused Serialized files (Serialized files now loaded: 0)
System memory in use before: 69.1 MB.
System memory in use after: 69.2 MB.

Unloading 13 unused Assets to reduce memory usage. Loaded Objects now: 2003.
Total: 1.691900 ms (FindLiveObjects: 0.153000 ms CreateObjectMapping: 0.042000 ms MarkObjects: 1.481700 ms  DeleteObjects: 0.014400 ms)

========================================================================
Received Prepare
Registering precompiled user dll's ...
Registered in 0.005369 seconds.
Begin MonoManager ReloadAssembly
Native extension for WindowsStandalone target not found
Refreshing native plugins compatible for Editor in 0.27 ms, found 2 plugins.
Preloading 0 native plugins for Editor in 0.00 ms.
Mono: successfully reloaded assembly
- Completed reload, in  0.840 seconds
Platform modules already initialized, skipping
Refreshing native plugins compatible for Editor in 0.27 ms, found 2 plugins.
Preloading 0 native plugins for Editor in 0.00 ms.
Unloading 1417 Unused Serialized files (Serialized files now loaded: 0)
System memory in use before: 69.1 MB.
System memory in use after: 69.2 MB.

Unloading 13 unused Assets to reduce memory usage. Loaded Objects now: 2006.
Total: 1.692400 ms (FindLiveObjects: 0.154100 ms CreateObjectMapping: 0.043100 ms MarkObjects: 1.480800 ms  DeleteObjects: 0.013300 ms)

========================================================================
Received Prepare
Registering precompiled user dll's ...
Registered in 0.003733 seconds.
Begin MonoManager ReloadAssembly
Native extension for WindowsStandalone target not found
Refreshing native plugins compatible for Editor in 0.28 ms, found 2 plugins.
Preloading 0 native plugins for Editor in 0.00 ms.
Mono: successfully reloaded assembly
- Completed reload, in  0.855 seconds
Platform modules already initialized, skipping
Refreshing native plugins compatible for Editor in 0.32 ms, found 2 plugins.
Preloading 0 native plugins for Editor in 0.00 ms.
Unloading 1417 Unused Serialized files (Serialized files now loaded: 0)
System memory in use before: 69.1 MB.
System memory in use after: 69.2 MB.

Unloading 13 unused Assets to reduce memory usage. Loaded Objects now: 2009.
Total: 1.730800 ms (FindLiveObjects: 0.155000 ms CreateObjectMapping: 0.042900 ms MarkObjects: 1.517200 ms  DeleteObjects: 0.014500 ms)

========================================================================
Received Prepare
Registering precompiled user dll's ...
Registered in 0.003782 seconds.
Begin MonoManager ReloadAssembly
Native extension for WindowsStandalone target not found
Refreshing native plugins compatible for Editor in 0.28 ms, found 2 plugins.
Preloading 0 native plugins for Editor in 0.00 ms.
Mono: successfully reloaded assembly
- Completed reload, in  0.838 seconds
Platform modules already initialized, skipping
Refreshing native plugins compatible for Editor in 0.27 ms, found 2 plugins.
Preloading 0 native plugins for Editor in 0.00 ms.
Unloading 1417 Unused Serialized files (Serialized files now loaded: 0)
System memory in use before: 69.1 MB.
System memory in use after: 69.2 MB.

Unloading 13 unused Assets to reduce memory usage. Loaded Objects now: 2012.
Total: 1.723600 ms (FindLiveObjects: 0.150700 ms CreateObjectMapping: 0.041200 ms MarkObjects: 1.516500 ms  DeleteObjects: 0.014300 ms)

========================================================================
Received Prepare
Registering precompiled user dll's ...
Registered in 0.003717 seconds.
Begin MonoManager ReloadAssembly
Native extension for WindowsStandalone target not found
Refreshing native plugins compatible for Editor in 0.28 ms, found 2 plugins.
Preloading 0 native plugins for Editor in 0.00 ms.
Mono: successfully reloaded assembly
- Completed reload, in  0.876 seconds
Platform modules already initialized, skipping
Refreshing native plugins compatible for Editor in 0.43 ms, found 2 plugins.
Preloading 0 native plugins for Editor in 0.00 ms.
Unloading 1417 Unused Serialized files (Serialized files now loaded: 0)
System memory in use before: 69.1 MB.
System memory in use after: 69.2 MB.

Unloading 13 unused Assets to reduce memory usage. Loaded Objects now: 2015.
Total: 1.721400 ms (FindLiveObjects: 0.157900 ms CreateObjectMapping: 0.041400 ms MarkObjects: 1.506500 ms  DeleteObjects: 0.014500 ms)

========================================================================
Received Prepare
Registering precompiled user dll's ...
Registered in 0.003690 seconds.
Begin MonoManager ReloadAssembly
Native extension for WindowsStandalone target not found
Refreshing native plugins compatible for Editor in 0.28 ms, found 2 plugins.
Preloading 0 native plugins for Editor in 0.00 ms.
Mono: successfully reloaded assembly
- Completed reload, in  0.855 seconds
Platform modules already initialized, skipping
Refreshing native plugins compatible for Editor in 0.28 ms, found 2 plugins.
Preloading 0 native plugins for Editor in 0.00 ms.
Unloading 1417 Unused Serialized files (Serialized files now loaded: 0)
System memory in use before: 69.1 MB.
System memory in use after: 69.2 MB.

Unloading 13 unused Assets to reduce memory usage. Loaded Objects now: 2018.
Total: 1.698300 ms (FindLiveObjects: 0.158700 ms CreateObjectMapping: 0.044300 ms MarkObjects: 1.478800 ms  DeleteObjects: 0.015300 ms)

========================================================================
Received Prepare
Registering precompiled user dll's ...
Registered in 0.003721 seconds.
Begin MonoManager ReloadAssembly
Native extension for WindowsStandalone target not found
Refreshing native plugins compatible for Editor in 0.29 ms, found 2 plugins.
Preloading 0 native plugins for Editor in 0.00 ms.
Mono: successfully reloaded assembly
- Completed reload, in  0.858 seconds
Platform modules already initialized, skipping
Refreshing native plugins compatible for Editor in 0.27 ms, found 2 plugins.
Preloading 0 native plugins for Editor in 0.00 ms.
Unloading 1417 Unused Serialized files (Serialized files now loaded: 0)
System memory in use before: 69.1 MB.
System memory in use after: 69.2 MB.

Unloading 13 unused Assets to reduce memory usage. Loaded Objects now: 2021.
Total: 1.766900 ms (FindLiveObjects: 0.162800 ms CreateObjectMapping: 0.045900 ms MarkObjects: 1.542300 ms  DeleteObjects: 0.014900 ms)

========================================================================
Received Prepare
Registering precompiled user dll's ...
Registered in 0.003674 seconds.
Begin MonoManager ReloadAssembly
Native extension for WindowsStandalone target not found
Refreshing native plugins compatible for Editor in 0.29 ms, found 2 plugins.
Preloading 0 native plugins for Editor in 0.00 ms.
Mono: successfully reloaded assembly
- Completed reload, in  0.851 seconds
Platform modules already initialized, skipping
Refreshing native plugins compatible for Editor in 0.26 ms, found 2 plugins.
Preloading 0 native plugins for Editor in 0.00 ms.
Unloading 1417 Unused Serialized files (Serialized files now loaded: 0)
System memory in use before: 69.1 MB.
System memory in use after: 69.2 MB.

Unloading 13 unused Assets to reduce memory usage. Loaded Objects now: 2024.
Total: 1.718400 ms (FindLiveObjects: 0.153500 ms CreateObjectMapping: 0.042700 ms MarkObjects: 1.506600 ms  DeleteObjects: 0.014600 ms)

========================================================================
Received Prepare
Registering precompiled user dll's ...
Registered in 0.003660 seconds.
Begin MonoManager ReloadAssembly
Native extension for WindowsStandalone target not found
Refreshing native plugins compatible for Editor in 0.27 ms, found 2 plugins.
Preloading 0 native plugins for Editor in 0.00 ms.
Mono: successfully reloaded assembly
- Completed reload, in  0.856 seconds
Platform modules already initialized, skipping
Refreshing native plugins compatible for Editor in 0.28 ms, found 2 plugins.
Preloading 0 native plugins for Editor in 0.00 ms.
Unloading 1417 Unused Serialized files (Serialized files now loaded: 0)
System memory in use before: 69.1 MB.
System memory in use after: 69.2 MB.

Unloading 13 unused Assets to reduce memory usage. Loaded Objects now: 2027.
Total: 1.607500 ms (FindLiveObjects: 0.157700 ms CreateObjectMapping: 0.042400 ms MarkObjects: 1.390700 ms  DeleteObjects: 0.015600 ms)

========================================================================
Received Prepare
Registering precompiled user dll's ...
Registered in 0.003910 seconds.
Begin MonoManager ReloadAssembly
Native extension for WindowsStandalone target not found
Refreshing native plugins compatible for Editor in 0.27 ms, found 2 plugins.
Preloading 0 native plugins for Editor in 0.00 ms.
Mono: successfully reloaded assembly
- Completed reload, in  0.832 seconds
Platform modules already initialized, skipping
Refreshing native plugins compatible for Editor in 0.29 ms, found 2 plugins.
Preloading 0 native plugins for Editor in 0.00 ms.
Unloading 1417 Unused Serialized files (Serialized files now loaded: 0)
System memory in use before: 69.1 MB.
System memory in use after: 69.2 MB.

Unloading 13 unused Assets to reduce memory usage. Loaded Objects now: 2030.
Total: 1.734200 ms (FindLiveObjects: 0.156500 ms CreateObjectMapping: 0.043300 ms MarkObjects: 1.516800 ms  DeleteObjects: 0.016300 ms)

========================================================================
Received Prepare
Registering precompiled user dll's ...
Registered in 0.004097 seconds.
Begin MonoManager ReloadAssembly
Native extension for WindowsStandalone target not found
Refreshing native plugins compatible for Editor in 0.29 ms, found 2 plugins.
Preloading 0 native plugins for Editor in 0.00 ms.
Mono: successfully reloaded assembly
- Completed reload, in  0.861 seconds
Platform modules already initialized, skipping
Refreshing native plugins compatible for Editor in 0.27 ms, found 2 plugins.
Preloading 0 native plugins for Editor in 0.00 ms.
Unloading 1417 Unused Serialized files (Serialized files now loaded: 0)
System memory in use before: 69.1 MB.
System memory in use after: 69.2 MB.

Unloading 13 unused Assets to reduce memory usage. Loaded Objects now: 2033.
Total: 1.817000 ms (FindLiveObjects: 0.164700 ms CreateObjectMapping: 0.044700 ms MarkObjects: 1.590400 ms  DeleteObjects: 0.016200 ms)

========================================================================
Received Prepare
Registering precompiled user dll's ...
Registered in 0.004050 seconds.
Begin MonoManager ReloadAssembly
Native extension for WindowsStandalone target not found
Refreshing native plugins compatible for Editor in 0.30 ms, found 2 plugins.
Preloading 0 native plugins for Editor in 0.00 ms.
Mono: successfully reloaded assembly
- Completed reload, in  0.832 seconds
Platform modules already initialized, skipping
Refreshing native plugins compatible for Editor in 0.27 ms, found 2 plugins.
Preloading 0 native plugins for Editor in 0.00 ms.
Unloading 1417 Unused Serialized files (Serialized files now loaded: 0)
System memory in use before: 69.1 MB.
System memory in use after: 69.2 MB.

Unloading 13 unused Assets to reduce memory usage. Loaded Objects now: 2036.
Total: 1.748100 ms (FindLiveObjects: 0.153000 ms CreateObjectMapping: 0.042900 ms MarkObjects: 1.536600 ms  DeleteObjects: 0.014700 ms)

========================================================================
Received Prepare
Registering precompiled user dll's ...
Registered in 0.004022 seconds.
Begin MonoManager ReloadAssembly
Native extension for WindowsStandalone target not found
Refreshing native plugins compatible for Editor in 0.55 ms, found 2 plugins.
Preloading 0 native plugins for Editor in 0.00 ms.
Mono: successfully reloaded assembly
- Completed reload, in  0.857 seconds
Platform modules already initialized, skipping
Refreshing native plugins compatible for Editor in 0.27 ms, found 2 plugins.
Preloading 0 native plugins for Editor in 0.00 ms.
Unloading 1417 Unused Serialized files (Serialized files now loaded: 0)
System memory in use before: 69.1 MB.
System memory in use after: 69.2 MB.

Unloading 13 unused Assets to reduce memory usage. Loaded Objects now: 2039.
Total: 1.992800 ms (FindLiveObjects: 0.193300 ms CreateObjectMapping: 0.051500 ms MarkObjects: 1.724900 ms  DeleteObjects: 0.021500 ms)

========================================================================
Received Prepare
Registering precompiled user dll's ...
Registered in 0.005701 seconds.
Begin MonoManager ReloadAssembly
Native extension for WindowsStandalone target not found
Refreshing native plugins compatible for Editor in 0.27 ms, found 2 plugins.
Preloading 0 native plugins for Editor in 0.00 ms.
Mono: successfully reloaded assembly
- Completed reload, in  0.858 seconds
Platform modules already initialized, skipping
Refreshing native plugins compatible for Editor in 0.26 ms, found 2 plugins.
Preloading 0 native plugins for Editor in 0.00 ms.
Unloading 1417 Unused Serialized files (Serialized files now loaded: 0)
System memory in use before: 69.1 MB.
System memory in use after: 69.3 MB.

Unloading 13 unused Assets to reduce memory usage. Loaded Objects now: 2042.
Total: 1.742200 ms (FindLiveObjects: 0.168800 ms CreateObjectMapping: 0.045600 ms MarkObjects: 1.512000 ms  DeleteObjects: 0.014700 ms)

========================================================================
Received Prepare
Registering precompiled user dll's ...
Registered in 0.003990 seconds.
Begin MonoManager ReloadAssembly
Native extension for WindowsStandalone target not found
Refreshing native plugins compatible for Editor in 0.27 ms, found 2 plugins.
Preloading 0 native plugins for Editor in 0.00 ms.
Mono: successfully reloaded assembly
- Completed reload, in  0.875 seconds
Platform modules already initialized, skipping
Refreshing native plugins compatible for Editor in 0.27 ms, found 2 plugins.
Preloading 0 native plugins for Editor in 0.00 ms.
Unloading 1417 Unused Serialized files (Serialized files now loaded: 0)
System memory in use before: 69.2 MB.
System memory in use after: 69.3 MB.

Unloading 13 unused Assets to reduce memory usage. Loaded Objects now: 2045.
Total: 2.215300 ms (FindLiveObjects: 0.219000 ms CreateObjectMapping: 0.046800 ms MarkObjects: 1.916400 ms  DeleteObjects: 0.030800 ms)

========================================================================
Received Prepare
Registering precompiled user dll's ...
Registered in 0.003645 seconds.
Begin MonoManager ReloadAssembly
Native extension for WindowsStandalone target not found
Refreshing native plugins compatible for Editor in 0.27 ms, found 2 plugins.
Preloading 0 native plugins for Editor in 0.00 ms.
Mono: successfully reloaded assembly
- Completed reload, in  0.822 seconds
Platform modules already initialized, skipping
Refreshing native plugins compatible for Editor in 0.28 ms, found 2 plugins.
Preloading 0 native plugins for Editor in 0.00 ms.
Unloading 1417 Unused Serialized files (Serialized files now loaded: 0)
System memory in use before: 69.2 MB.
System memory in use after: 69.3 MB.

Unloading 13 unused Assets to reduce memory usage. Loaded Objects now: 2048.
Total: 1.703500 ms (FindLiveObjects: 0.158500 ms CreateObjectMapping: 0.042400 ms MarkObjects: 1.484100 ms  DeleteObjects: 0.017400 ms)

========================================================================
Received Prepare
Registering precompiled user dll's ...
Registered in 0.003674 seconds.
Begin MonoManager ReloadAssembly
Native extension for WindowsStandalone target not found
Refreshing native plugins compatible for Editor in 0.29 ms, found 2 plugins.
Preloading 0 native plugins for Editor in 0.00 ms.
Mono: successfully reloaded assembly
- Completed reload, in  0.854 seconds
Platform modules already initialized, skipping
Refreshing native plugins compatible for Editor in 0.27 ms, found 2 plugins.
Preloading 0 native plugins for Editor in 0.00 ms.
Unloading 1417 Unused Serialized files (Serialized files now loaded: 0)
System memory in use before: 69.2 MB.
System memory in use after: 69.3 MB.

Unloading 13 unused Assets to reduce memory usage. Loaded Objects now: 2051.
Total: 1.980100 ms (FindLiveObjects: 0.185000 ms CreateObjectMapping: 0.047000 ms MarkObjects: 1.726300 ms  DeleteObjects: 0.020000 ms)

========================================================================
Received Prepare
Registering precompiled user dll's ...
Registered in 0.003719 seconds.
Begin MonoManager ReloadAssembly
Native extension for WindowsStandalone target not found
Refreshing native plugins compatible for Editor in 0.27 ms, found 2 plugins.
Preloading 0 native plugins for Editor in 0.00 ms.
Mono: successfully reloaded assembly
- Completed reload, in  0.836 seconds
Platform modules already initialized, skipping
Refreshing native plugins compatible for Editor in 0.27 ms, found 2 plugins.
Preloading 0 native plugins for Editor in 0.00 ms.
Unloading 1417 Unused Serialized files (Serialized files now loaded: 0)
System memory in use before: 69.2 MB.
System memory in use after: 69.3 MB.

Unloading 13 unused Assets to reduce memory usage. Loaded Objects now: 2054.
Total: 1.760200 ms (FindLiveObjects: 0.156300 ms CreateObjectMapping: 0.042600 ms MarkObjects: 1.540500 ms  DeleteObjects: 0.019900 ms)

